#
# A fatal error has been detected by the Java Runtime Environment:
#
#  SIGSEGV (0xb) at pc=0x00000001062462c8, pid=27302, tid=17155
#
# JRE version: Java(TM) SE Runtime Environment (8.0_77-b03) (build 1.8.0_77-b03)
# Java VM: Java HotSpot(TM) 64-Bit Server VM (25.77-b03 mixed mode bsd-amd64 compressed oops)
# Problematic frame:
# V  [libjvm.dylib+0x4462c8]
#
# Failed to write core dump. Core dumps have been disabled. To enable core dumping, try "ulimit -c unlimited" before starting Java again
#
# If you would like to submit a bug report, please visit:
#   http://bugreport.java.com/bugreport/crash.jsp
#

---------------  T H R E A D  ---------------

Current thread (0x00007fe12c800000):  JavaThread "JDWP Transport Listener: dt_socket" daemon [_thread_in_vm, id=17155, stack(0x0000700000b3b000,0x0000700000c3b000)]

siginfo: si_signo: 11 (SIGSEGV), si_code: 0 (unknown), si_addr: 0x0000000000000000

Registers:
RAX=0x0000000000000001, RBX=0x0000700000c3aa8b, RCX=0x0000000106615340, RDX=0x0000700000c3aa8b
RSP=0x0000700000c3a9d0, RBP=0x0000700000c3a9e0, RSI=0x00007fe12c800000, RDI=0x3b003b003b746e65
R8 =0x000000000000000c, R9 =0x0000000000000000, R10=0x000000000000000d, R11=0x00007fe12bd00000
R12=0x00007fe12c800000, R13=0x3b003b003b746e65, R14=0x3b003b003b746e65, R15=0x00007fe12bd14db0
RIP=0x00000001062462c8, EFLAGS=0x0000000000010206, ERR=0x0000000000000000
  TRAPNO=0x000000000000000d

Top of Stack: (sp=0x0000700000c3a9d0)
0x0000700000c3a9d0:   0000700000c3aa8b 0000700000c3aa8b
0x0000700000c3a9e0:   0000700000c3aa40 00000001061552fe
0x0000700000c3a9f0:   00007fe12c800000 0000000000000000
0x0000700000c3aa00:   0000000000000000 0000000000000000
0x0000700000c3aa10:   00007fe12c800000 00007fe12c800000
0x0000700000c3aa20:   0000700000c3aa8b 0000700000c3aa90
0x0000700000c3aa30:   3b003b003b746e65 0000000000000004
0x0000700000c3aa40:   0000700000c3aa60 00000001055b7780
0x0000700000c3aa50:   0000000000000001 0000700000c3ab08
0x0000700000c3aa60:   0000700000c3aad0 000000010559c1f3
0x0000700000c3aa70:   0000700000c3aaa0 00007fe12bd2f700
0x0000700000c3aa80:   0000000500000032 0000000a00c3ab08
0x0000700000c3aa90:   0000000000000000 0000000000000000
0x0000700000c3aaa0:   0000000000000000 0000700000c3ac90
0x0000700000c3aab0:   00000001055bee7a 00007fe12bf24d10
0x0000700000c3aac0:   0000700000c3ab08 00000001055ca598
0x0000700000c3aad0:   0000700000c3aae0 000000010559c2ec
0x0000700000c3aae0:   0000700000c3ad00 00000001055a5898
0x0000700000c3aaf0:   000111de00000013 00000000000f0200
0x0000700000c3ab00:   00007fe12bf17010 00007fe12bd301a5
0x0000700000c3ab10:   00007fe1000001c3 00007fe12bd29c40
0x0000700000c3ab20:   000000000000012c 0000700000c3ab58
0x0000700000c3ab30:   00007fe12bd29c40 0000000000000000
0x0000700000c3ab40:   000111de0000001c 00007fff00007c80
0x0000700000c3ab50:   0000700000c3ab58 e17f000005000000
0x0000700000c3ab60:   1200000060ddd22b 736956746e756f63
0x0000700000c3ab70:   6974694364657469 5b28160000007365
0x0000700000c3ab80:   616c2f6176616a4c 6e697274532f676e
0x0000700000c3ab90:   0000000056293b67 e17f00000a000000
0x0000700000c3aba0:   04000000687ac22b 160000006e69616d
0x0000700000c3abb0:   2f6176616a4c5b28 7274532f676e616c
0x0000700000c3abc0:   000056293b676e69 0000090000000000 

Instructions: (pc=0x00000001062462c8)
0x00000001062462a8:   40 48 48 85 c0 75 e0 30 c0 0f b6 c0 5d c3 31 c0
0x00000001062462b8:   5d c3 55 48 89 e5 53 48 83 ec 08 48 85 ff 74 24
0x00000001062462c8:   48 8b 1f 48 85 db 74 1c 48 83 fb 37 74 16 48 8b
0x00000001062462d8:   03 48 89 df ff 50 10 84 c0 b8 00 00 00 00 48 0f 

Register to memory mapping:

RAX=0x0000000000000001 is an unknown value
RBX=0x0000700000c3aa8b is pointing into the stack for thread: 0x00007fe12c800000
RCX=0x0000000106615340: UseMembar+0 in /Library/Java/JavaVirtualMachines/jdk1.8.0_77.jdk/Contents/Home/jre/lib/server/libjvm.dylib at 0x0000000105e00000
RDX=0x0000700000c3aa8b is pointing into the stack for thread: 0x00007fe12c800000
RSP=0x0000700000c3a9d0 is pointing into the stack for thread: 0x00007fe12c800000
RBP=0x0000700000c3a9e0 is pointing into the stack for thread: 0x00007fe12c800000
RSI=0x00007fe12c800000 is a thread
RDI=0x3b003b003b746e65 is an unknown value
R8 =0x000000000000000c is an unknown value
R9 =0x0000000000000000 is an unknown value
R10=0x000000000000000d is an unknown value
R11=0x00007fe12bd00000 is an unknown value
R12=0x00007fe12c800000 is a thread
R13=0x3b003b003b746e65 is an unknown value
R14=0x3b003b003b746e65 is an unknown value
R15=0x00007fe12bd14db0 is an unknown value


Stack: [0x0000700000b3b000,0x0000700000c3b000],  sp=0x0000700000c3a9d0,  free space=1022k
Native frames: (J=compiled Java code, j=interpreted, Vv=VM code, C=native code)
V  [libjvm.dylib+0x4462c8]
V  [libjvm.dylib+0x3552fe]
C  [libjdwp.dylib+0x20780]  isMethodSynthetic+0x63
C  [libjdwp.dylib+0x51f3]  methods1+0x10b
C  [libjdwp.dylib+0x52ec]  methodsWithGeneric+0xe
C  [libjdwp.dylib+0xe898]  debugLoop_run+0x1ce
C  [libjdwp.dylib+0x1f6ba]  attachThread+0x4d
V  [libjvm.dylib+0x39665c]
V  [libjvm.dylib+0x560e03]
V  [libjvm.dylib+0x5624fe]
V  [libjvm.dylib+0x482eda]
C  [libsystem_pthread.dylib+0x399d]  _pthread_body+0x83
C  [libsystem_pthread.dylib+0x391a]  _pthread_body+0x0
C  [libsystem_pthread.dylib+0x1351]  thread_start+0xd
C  0x0000000000000000


---------------  P R O C E S S  ---------------

Java Threads: ( => current thread )
  0x00007fe12d034000 JavaThread "Service Thread" daemon [_thread_blocked, id=20227, stack(0x000070000114d000,0x000070000124d000)]
  0x00007fe12c023800 JavaThread "C1 CompilerThread2" daemon [_thread_blocked, id=19715, stack(0x000070000104a000,0x000070000114a000)]
  0x00007fe12c01a800 JavaThread "C2 CompilerThread1" daemon [_thread_blocked, id=19203, stack(0x0000700000f47000,0x0000700001047000)]
  0x00007fe12d03b000 JavaThread "C2 CompilerThread0" daemon [_thread_blocked, id=18691, stack(0x0000700000e44000,0x0000700000f44000)]
  0x00007fe12c834000 JavaThread "JDWP Command Reader" daemon [_thread_in_native, id=18179, stack(0x0000700000d41000,0x0000700000e41000)]
  0x00007fe12c833800 JavaThread "JDWP Event Helper Thread" daemon [_thread_blocked, id=17667, stack(0x0000700000c3e000,0x0000700000d3e000)]
=>0x00007fe12c800000 JavaThread "JDWP Transport Listener: dt_socket" daemon [_thread_in_vm, id=17155, stack(0x0000700000b3b000,0x0000700000c3b000)]
  0x00007fe12d83d000 JavaThread "Signal Dispatcher" daemon [_thread_blocked, id=13839, stack(0x0000700000a38000,0x0000700000b38000)]
  0x00007fe12d838800 JavaThread "Finalizer" daemon [_thread_blocked, id=12291, stack(0x000070000082f000,0x000070000092f000)]
  0x00007fe12d835800 JavaThread "Reference Handler" daemon [_thread_blocked, id=11779, stack(0x000070000072c000,0x000070000082c000)]
  0x00007fe12d002800 JavaThread "main" [_thread_blocked, id=5891, stack(0x000070000011a000,0x000070000021a000)]

Other Threads:
  0x00007fe12d831000 VMThread [stack: 0x0000700000629000,0x0000700000729000] [id=11267]
  0x00007fe12d03a000 WatcherThread [stack: 0x0000700001250000,0x0000700001350000] [id=20739]

VM state:not at safepoint (normal execution)

VM Mutex/Monitor currently owned by a thread: None

Heap:
 PSYoungGen      total 18944K, used 1638K [0x00000007aab00000, 0x00000007ac000000, 0x00000007c0000000)
  eden space 16384K, 10% used [0x00000007aab00000,0x00000007aac99b68,0x00000007abb00000)
  from space 2560K, 0% used [0x00000007abd80000,0x00000007abd80000,0x00000007ac000000)
  to   space 2560K, 0% used [0x00000007abb00000,0x00000007abb00000,0x00000007abd80000)
 ParOldGen       total 44032K, used 0K [0x0000000780000000, 0x0000000782b00000, 0x00000007aab00000)
  object space 44032K, 0% used [0x0000000780000000,0x0000000780000000,0x0000000782b00000)
 Metaspace       used 3409K, capacity 4564K, committed 4864K, reserved 1056768K
  class space    used 381K, capacity 388K, committed 512K, reserved 1048576K

Card table byte_map: [0x000000011614f000,0x0000000116350000] byte_map_base: 0x000000011254f000

Marking Bits: (ParMarkBitMap*) 0x00000001066e3ea0
 Begin Bits: [0x00000001164a6000, 0x00000001174a6000)
 End Bits:   [0x00000001174a6000, 0x00000001184a6000)

Polling page: 0x0000000105596000

CodeCache: size=245760Kb used=1169Kb max_used=1169Kb free=244590Kb
 bounds [0x0000000106d8f000, 0x0000000106fff000, 0x0000000115d8f000]
 total_blobs=300 nmethods=61 adapters=161
 compilation: enabled

Compilation events (10 events):
Event: 18.447 Thread 0x00007fe12c023800   57       3       sun.misc.FDBigInteger::<init> (30 bytes)
Event: 18.448 Thread 0x00007fe12c023800 nmethod 57 0x0000000106eb20d0 code [0x0000000106eb2240, 0x0000000106eb2468]
Event: 18.448 Thread 0x00007fe12c023800   58       3       sun.misc.FDBigInteger::trimLeadingZeros (57 bytes)
Event: 18.448 Thread 0x00007fe12c023800 nmethod 58 0x0000000106eb2550 code [0x0000000106eb26c0, 0x0000000106eb29f0]
Event: 77.550 Thread 0x00007fe12c023800   59       1       java.util.ArrayList::access$100 (5 bytes)
Event: 77.550 Thread 0x00007fe12c023800 nmethod 59 0x0000000106eb2b50 code [0x0000000106eb2ca0, 0x0000000106eb2d90]
Event: 109.535 Thread 0x00007fe12c023800   60       3       java.lang.AbstractStringBuilder::<init> (12 bytes)
Event: 109.535 Thread 0x00007fe12c023800 nmethod 60 0x0000000106eb2e10 code [0x0000000106eb2f80, 0x0000000106eb31d0]
Event: 195.910 Thread 0x00007fe12c023800   61       3       java.util.concurrent.ConcurrentHashMap::spread (10 bytes)
Event: 195.911 Thread 0x00007fe12c023800 nmethod 61 0x0000000106eb3290 code [0x0000000106eb33e0, 0x0000000106eb3530]

GC Heap History (0 events):
No events

Deoptimization events (0 events):
No events

Internal exceptions (6 events):
Event: 0.045 Thread 0x00007fe12d002800 Exception <a 'java/lang/NoSuchMethodError': Method sun.misc.Unsafe.defineClass(Ljava/lang/String;[BII)Ljava/lang/Class; name or signature does not match> (0x00000007aab07cc0) thrown at [/Users/java_re/workspace/8-2-build-macosx-x86_64/jdk8u77/6540/hotspot
Event: 0.045 Thread 0x00007fe12d002800 Exception <a 'java/lang/NoSuchMethodError': Method sun.misc.Unsafe.prefetchRead(Ljava/lang/Object;J)V name or signature does not match> (0x00000007aab07fa8) thrown at [/Users/java_re/workspace/8-2-build-macosx-x86_64/jdk8u77/6540/hotspot/src/share/vm/prim
Event: 0.280 Thread 0x00007fe12d002800 Exception <a 'java/security/PrivilegedActionException'> (0x00000007aab9bd58) thrown at [/Users/java_re/workspace/8-2-build-macosx-x86_64/jdk8u77/6540/hotspot/src/share/vm/prims/jvm.cpp, line 1386]
Event: 0.281 Thread 0x00007fe12d002800 Exception <a 'java/security/PrivilegedActionException'> (0x00000007aab9bf68) thrown at [/Users/java_re/workspace/8-2-build-macosx-x86_64/jdk8u77/6540/hotspot/src/share/vm/prims/jvm.cpp, line 1386]
Event: 0.282 Thread 0x00007fe12d002800 Exception <a 'java/security/PrivilegedActionException'> (0x00000007aab9f3f0) thrown at [/Users/java_re/workspace/8-2-build-macosx-x86_64/jdk8u77/6540/hotspot/src/share/vm/prims/jvm.cpp, line 1386]
Event: 0.282 Thread 0x00007fe12d002800 Exception <a 'java/security/PrivilegedActionException'> (0x00000007aab9f600) thrown at [/Users/java_re/workspace/8-2-build-macosx-x86_64/jdk8u77/6540/hotspot/src/share/vm/prims/jvm.cpp, line 1386]

Events (10 events):
Event: 144.371 Executing VM operation: GetOrSetLocal
Event: 144.371 Executing VM operation: GetOrSetLocal done
Event: 144.372 Executing VM operation: GetOrSetLocal
Event: 144.372 Executing VM operation: GetOrSetLocal done
Event: 144.414 Executing VM operation: GetOrSetLocal
Event: 144.414 Executing VM operation: GetOrSetLocal done
Event: 144.414 Executing VM operation: GetOrSetLocal
Event: 144.414 Executing VM operation: GetOrSetLocal done
Event: 195.911 Executing VM operation: RedefineClasses
Event: 195.912 Executing VM operation: RedefineClasses done


Dynamic libraries:
0x0000000001498000 	/System/Library/Frameworks/Cocoa.framework/Versions/A/Cocoa
0x0000000001498000 	/System/Library/Frameworks/Security.framework/Versions/A/Security
0x0000000001498000 	/System/Library/Frameworks/ApplicationServices.framework/Versions/A/ApplicationServices
0x0000000001498000 	/usr/lib/libz.1.dylib
0x0000000001498000 	/usr/lib/libSystem.B.dylib
0x0000000001498000 	/usr/lib/libobjc.A.dylib
0x0000000001498000 	/System/Library/Frameworks/CoreFoundation.framework/Versions/A/CoreFoundation
0x0000000001498000 	/System/Library/Frameworks/Foundation.framework/Versions/C/Foundation
0x0000000001498000 	/System/Library/Frameworks/AppKit.framework/Versions/C/AppKit
0x0000000001498000 	/System/Library/Frameworks/CoreData.framework/Versions/A/CoreData
0x0000000001498000 	/System/Library/PrivateFrameworks/RemoteViewServices.framework/Versions/A/RemoteViewServices
0x0000000001498000 	/System/Library/PrivateFrameworks/UIFoundation.framework/Versions/A/UIFoundation
0x0000000001498000 	/usr/lib/libScreenReader.dylib
0x0000000001498000 	/System/Library/Frameworks/Accelerate.framework/Versions/A/Accelerate
0x0000000001498000 	/System/Library/Frameworks/IOSurface.framework/Versions/A/IOSurface
0x0000000001498000 	/System/Library/Frameworks/AudioToolbox.framework/Versions/A/AudioToolbox
0x0000000001498000 	/System/Library/Frameworks/AudioUnit.framework/Versions/A/AudioUnit
0x0000000001498000 	/System/Library/PrivateFrameworks/DataDetectorsCore.framework/Versions/A/DataDetectorsCore
0x0000000001498000 	/System/Library/PrivateFrameworks/DesktopServicesPriv.framework/Versions/A/DesktopServicesPriv
0x0000000001498000 	/System/Library/Frameworks/Carbon.framework/Versions/A/Frameworks/HIToolbox.framework/Versions/A/HIToolbox
0x0000000001498000 	/System/Library/Frameworks/QuartzCore.framework/Versions/A/QuartzCore
0x0000000001498000 	/System/Library/Frameworks/Carbon.framework/Versions/A/Frameworks/SpeechRecognition.framework/Versions/A/SpeechRecognition
0x0000000001498000 	/usr/lib/libauto.dylib
0x0000000001498000 	/usr/lib/libicucore.A.dylib
0x0000000001498000 	/usr/lib/libxml2.2.dylib
0x0000000001498000 	/System/Library/PrivateFrameworks/CoreUI.framework/Versions/A/CoreUI
0x0000000001498000 	/System/Library/Frameworks/CoreAudio.framework/Versions/A/CoreAudio
0x0000000001498000 	/System/Library/Frameworks/DiskArbitration.framework/Versions/A/DiskArbitration
0x0000000001498000 	/usr/lib/liblangid.dylib
0x0000000001498000 	/System/Library/PrivateFrameworks/MultitouchSupport.framework/Versions/A/MultitouchSupport
0x0000000001498000 	/System/Library/Frameworks/IOKit.framework/Versions/A/IOKit
0x0000000001498000 	/usr/lib/libDiagnosticMessagesClient.dylib
0x0000000001498000 	/System/Library/Frameworks/CoreServices.framework/Versions/A/CoreServices
0x0000000001498000 	/System/Library/PrivateFrameworks/PerformanceAnalysis.framework/Versions/A/PerformanceAnalysis
0x0000000001498000 	/System/Library/PrivateFrameworks/GenerationalStorage.framework/Versions/A/GenerationalStorage
0x0000000001498000 	/System/Library/Frameworks/OpenGL.framework/Versions/A/OpenGL
0x0000000001498000 	/System/Library/PrivateFrameworks/Sharing.framework/Versions/A/Sharing
0x0000000001498000 	/System/Library/Frameworks/CoreGraphics.framework/Versions/A/CoreGraphics
0x0000000001498000 	/System/Library/Frameworks/CoreImage.framework/Versions/A/CoreImage
0x0000000001498000 	/System/Library/Frameworks/CoreText.framework/Versions/A/CoreText
0x0000000001498000 	/System/Library/Frameworks/ImageIO.framework/Versions/A/ImageIO
0x0000000001498000 	/System/Library/PrivateFrameworks/Backup.framework/Versions/A/Backup
0x0000000001498000 	/usr/lib/libextension.dylib
0x0000000001498000 	/usr/lib/libarchive.2.dylib
0x0000000001498000 	/System/Library/Frameworks/CFNetwork.framework/Versions/A/CFNetwork
0x0000000001498000 	/System/Library/Frameworks/SystemConfiguration.framework/Versions/A/SystemConfiguration
0x0000000001498000 	/usr/lib/libCRFSuite.dylib
0x0000000001498000 	/usr/lib/libc++.1.dylib
0x0000000001498000 	/usr/lib/libc++abi.dylib
0x0000000001498000 	/usr/lib/system/libcache.dylib
0x0000000001498000 	/usr/lib/system/libcommonCrypto.dylib
0x0000000001498000 	/usr/lib/system/libcompiler_rt.dylib
0x0000000001498000 	/usr/lib/system/libcopyfile.dylib
0x0000000001498000 	/usr/lib/system/libcorecrypto.dylib
0x0000000001498000 	/usr/lib/system/libdispatch.dylib
0x0000000001498000 	/usr/lib/system/libdyld.dylib
0x0000000001498000 	/usr/lib/system/libkeymgr.dylib
0x0000000001498000 	/usr/lib/system/liblaunch.dylib
0x0000000001498000 	/usr/lib/system/libmacho.dylib
0x0000000001498000 	/usr/lib/system/libquarantine.dylib
0x0000000001498000 	/usr/lib/system/libremovefile.dylib
0x0000000001498000 	/usr/lib/system/libsystem_asl.dylib
0x0000000001498000 	/usr/lib/system/libsystem_blocks.dylib
0x0000000001498000 	/usr/lib/system/libsystem_c.dylib
0x0000000001498000 	/usr/lib/system/libsystem_configuration.dylib
0x0000000001498000 	/usr/lib/system/libsystem_coreservices.dylib
0x0000000001498000 	/usr/lib/system/libsystem_coretls.dylib
0x0000000001498000 	/usr/lib/system/libsystem_dnssd.dylib
0x0000000001498000 	/usr/lib/system/libsystem_info.dylib
0x0000000001498000 	/usr/lib/system/libsystem_kernel.dylib
0x0000000001498000 	/usr/lib/system/libsystem_m.dylib
0x0000000001498000 	/usr/lib/system/libsystem_malloc.dylib
0x0000000001498000 	/usr/lib/system/libsystem_network.dylib
0x0000000001498000 	/usr/lib/system/libsystem_networkextension.dylib
0x0000000001498000 	/usr/lib/system/libsystem_notify.dylib
0x0000000001498000 	/usr/lib/system/libsystem_platform.dylib
0x0000000001498000 	/usr/lib/system/libsystem_pthread.dylib
0x0000000001498000 	/usr/lib/system/libsystem_sandbox.dylib
0x0000000001498000 	/usr/lib/system/libsystem_secinit.dylib
0x0000000001498000 	/usr/lib/system/libsystem_trace.dylib
0x0000000001498000 	/usr/lib/system/libunc.dylib
0x0000000001498000 	/usr/lib/system/libunwind.dylib
0x0000000001498000 	/usr/lib/system/libxpc.dylib
0x0000000001498000 	/usr/lib/libenergytrace.dylib
0x0000000001498000 	/usr/lib/libbsm.0.dylib
0x0000000001498000 	/usr/lib/system/libkxld.dylib
0x0000000001498000 	/usr/lib/libxar.1.dylib
0x0000000001498000 	/usr/lib/libsqlite3.dylib
0x0000000001498000 	/usr/lib/libpam.2.dylib
0x0000000001498000 	/usr/lib/libOpenScriptingUtil.dylib
0x0000000001498000 	/usr/lib/libbz2.1.0.dylib
0x0000000001498000 	/usr/lib/liblzma.5.dylib
0x0000000001498000 	/System/Library/Frameworks/CoreServices.framework/Versions/A/Frameworks/FSEvents.framework/Versions/A/FSEvents
0x0000000001498000 	/System/Library/Frameworks/CoreServices.framework/Versions/A/Frameworks/CarbonCore.framework/Versions/A/CarbonCore
0x0000000001498000 	/System/Library/Frameworks/CoreServices.framework/Versions/A/Frameworks/Metadata.framework/Versions/A/Metadata
0x0000000001498000 	/System/Library/Frameworks/CoreServices.framework/Versions/A/Frameworks/OSServices.framework/Versions/A/OSServices
0x0000000001498000 	/System/Library/Frameworks/CoreServices.framework/Versions/A/Frameworks/SearchKit.framework/Versions/A/SearchKit
0x0000000001498000 	/System/Library/Frameworks/CoreServices.framework/Versions/A/Frameworks/AE.framework/Versions/A/AE
0x0000000001498000 	/System/Library/Frameworks/CoreServices.framework/Versions/A/Frameworks/LaunchServices.framework/Versions/A/LaunchServices
0x0000000001498000 	/System/Library/Frameworks/CoreServices.framework/Versions/A/Frameworks/DictionaryServices.framework/Versions/A/DictionaryServices
0x0000000001498000 	/System/Library/Frameworks/CoreServices.framework/Versions/A/Frameworks/SharedFileList.framework/Versions/A/SharedFileList
0x0000000001498000 	/System/Library/Frameworks/NetFS.framework/Versions/A/NetFS
0x0000000001498000 	/System/Library/PrivateFrameworks/NetAuth.framework/Versions/A/NetAuth
0x0000000001498000 	/System/Library/PrivateFrameworks/login.framework/Versions/A/Frameworks/loginsupport.framework/Versions/A/loginsupport
0x0000000001498000 	/System/Library/PrivateFrameworks/TCC.framework/Versions/A/TCC
0x0000000001498000 	/usr/lib/libmecabra.dylib
0x0000000001498000 	/System/Library/Frameworks/ApplicationServices.framework/Versions/A/Frameworks/ATS.framework/Versions/A/ATS
0x0000000001498000 	/System/Library/Frameworks/ApplicationServices.framework/Versions/A/Frameworks/ColorSync.framework/Versions/A/ColorSync
0x0000000001498000 	/System/Library/Frameworks/ApplicationServices.framework/Versions/A/Frameworks/HIServices.framework/Versions/A/HIServices
0x0000000001498000 	/System/Library/Frameworks/ApplicationServices.framework/Versions/A/Frameworks/LangAnalysis.framework/Versions/A/LangAnalysis
0x0000000001498000 	/System/Library/Frameworks/ApplicationServices.framework/Versions/A/Frameworks/PrintCore.framework/Versions/A/PrintCore
0x0000000001498000 	/System/Library/Frameworks/ApplicationServices.framework/Versions/A/Frameworks/QD.framework/Versions/A/QD
0x0000000001498000 	/System/Library/Frameworks/ApplicationServices.framework/Versions/A/Frameworks/SpeechSynthesis.framework/Versions/A/SpeechSynthesis
0x0000000001498000 	/System/Library/Frameworks/Metal.framework/Versions/A/Metal
0x0000000001498000 	/System/Library/Frameworks/Accelerate.framework/Versions/A/Frameworks/vImage.framework/Versions/A/vImage
0x0000000001498000 	/System/Library/Frameworks/Accelerate.framework/Versions/A/Frameworks/vecLib.framework/Versions/A/vecLib
0x0000000001498000 	/System/Library/Frameworks/Accelerate.framework/Versions/A/Frameworks/vecLib.framework/Versions/A/libvDSP.dylib
0x0000000001498000 	/System/Library/Frameworks/Accelerate.framework/Versions/A/Frameworks/vecLib.framework/Versions/A/libvMisc.dylib
0x0000000001498000 	/System/Library/Frameworks/Accelerate.framework/Versions/A/Frameworks/vecLib.framework/Versions/A/libLAPACK.dylib
0x0000000001498000 	/System/Library/Frameworks/Accelerate.framework/Versions/A/Frameworks/vecLib.framework/Versions/A/libBLAS.dylib
0x0000000001498000 	/System/Library/Frameworks/Accelerate.framework/Versions/A/Frameworks/vecLib.framework/Versions/A/libLinearAlgebra.dylib
0x0000000001498000 	/System/Library/Frameworks/Accelerate.framework/Versions/A/Frameworks/vecLib.framework/Versions/A/libSparseBLAS.dylib
0x0000000001498000 	/System/Library/PrivateFrameworks/GPUCompiler.framework/libmetal_timestamp.dylib
0x0000000001498000 	/System/Library/Frameworks/OpenGL.framework/Versions/A/Libraries/libCoreFSCache.dylib
0x0000000001498000 	/System/Library/PrivateFrameworks/IOAccelerator.framework/Versions/A/IOAccelerator
0x0000000001498000 	/System/Library/Frameworks/ApplicationServices.framework/Versions/A/Frameworks/ATS.framework/Versions/A/Resources/libFontParser.dylib
0x0000000001498000 	/System/Library/Frameworks/ApplicationServices.framework/Versions/A/Frameworks/ATS.framework/Versions/A/Resources/libFontRegistry.dylib
0x0000000001498000 	/System/Library/PrivateFrameworks/AppleVPA.framework/Versions/A/AppleVPA
0x0000000001498000 	/System/Library/PrivateFrameworks/AppleJPEG.framework/Versions/A/AppleJPEG
0x0000000001498000 	/System/Library/Frameworks/ImageIO.framework/Versions/A/Resources/libJPEG.dylib
0x0000000001498000 	/System/Library/Frameworks/ImageIO.framework/Versions/A/Resources/libTIFF.dylib
0x0000000001498000 	/System/Library/Frameworks/ImageIO.framework/Versions/A/Resources/libPng.dylib
0x0000000001498000 	/System/Library/Frameworks/ImageIO.framework/Versions/A/Resources/libGIF.dylib
0x0000000001498000 	/System/Library/Frameworks/ImageIO.framework/Versions/A/Resources/libJP2.dylib
0x0000000001498000 	/System/Library/Frameworks/ImageIO.framework/Versions/A/Resources/libRadiance.dylib
0x0000000001498000 	/System/Library/Frameworks/CoreVideo.framework/Versions/A/CoreVideo
0x0000000001498000 	/System/Library/Frameworks/OpenGL.framework/Versions/A/Libraries/libGLU.dylib
0x0000000001498000 	/System/Library/Frameworks/OpenGL.framework/Versions/A/Libraries/libGFXShared.dylib
0x0000000001498000 	/System/Library/Frameworks/OpenGL.framework/Versions/A/Libraries/libGL.dylib
0x0000000001498000 	/System/Library/Frameworks/OpenGL.framework/Versions/A/Libraries/libGLImage.dylib
0x0000000001498000 	/System/Library/Frameworks/OpenGL.framework/Versions/A/Libraries/libCVMSPluginSupport.dylib
0x0000000001498000 	/System/Library/Frameworks/OpenGL.framework/Versions/A/Libraries/libCoreVMClient.dylib
0x0000000001498000 	/usr/lib/libcups.2.dylib
0x0000000001498000 	/System/Library/Frameworks/Kerberos.framework/Versions/A/Kerberos
0x0000000001498000 	/System/Library/Frameworks/GSS.framework/Versions/A/GSS
0x0000000001498000 	/usr/lib/libresolv.9.dylib
0x0000000001498000 	/usr/lib/libiconv.2.dylib
0x0000000001498000 	/System/Library/PrivateFrameworks/Heimdal.framework/Versions/A/Heimdal
0x0000000001498000 	/usr/lib/libheimdal-asn1.dylib
0x0000000001498000 	/System/Library/Frameworks/OpenDirectory.framework/Versions/A/OpenDirectory
0x0000000001498000 	/System/Library/PrivateFrameworks/CommonAuth.framework/Versions/A/CommonAuth
0x0000000001498000 	/System/Library/Frameworks/OpenDirectory.framework/Versions/A/Frameworks/CFOpenDirectory.framework/Versions/A/CFOpenDirectory
0x0000000001498000 	/System/Library/Frameworks/SecurityFoundation.framework/Versions/A/SecurityFoundation
0x0000000001498000 	/System/Library/PrivateFrameworks/LanguageModeling.framework/Versions/A/LanguageModeling
0x0000000001498000 	/usr/lib/libmarisa.dylib
0x0000000001498000 	/usr/lib/libChineseTokenizer.dylib
0x0000000001498000 	/usr/lib/libcmph.dylib
0x0000000001498000 	/usr/lib/libcompression.dylib
0x0000000001498000 	/System/Library/Frameworks/ServiceManagement.framework/Versions/A/ServiceManagement
0x0000000001498000 	/usr/lib/libxslt.1.dylib
0x0000000001498000 	/System/Library/Frameworks/Carbon.framework/Versions/A/Frameworks/Ink.framework/Versions/A/Ink
0x0000000001498000 	/usr/lib/libFosl_dynamic.dylib
0x0000000001498000 	/System/Library/PrivateFrameworks/FaceCore.framework/Versions/A/FaceCore
0x0000000001498000 	/System/Library/Frameworks/OpenCL.framework/Versions/A/OpenCL
0x0000000001498000 	/System/Library/PrivateFrameworks/CrashReporterSupport.framework/Versions/A/CrashReporterSupport
0x0000000001498000 	/System/Library/PrivateFrameworks/IconServices.framework/Versions/A/IconServices
0x0000000001498000 	/System/Library/PrivateFrameworks/Apple80211.framework/Versions/A/Apple80211
0x0000000001498000 	/System/Library/Frameworks/CoreWLAN.framework/Versions/A/CoreWLAN
0x0000000001498000 	/System/Library/Frameworks/IOBluetooth.framework/Versions/A/IOBluetooth
0x0000000001498000 	/System/Library/PrivateFrameworks/CoreWiFi.framework/Versions/A/CoreWiFi
0x0000000001498000 	/System/Library/Frameworks/CoreBluetooth.framework/Versions/A/CoreBluetooth
0x0000000001498000 	/System/Library/PrivateFrameworks/ChunkingLibrary.framework/Versions/A/ChunkingLibrary
0x0000000001498000 	/System/Library/PrivateFrameworks/DebugSymbols.framework/Versions/A/DebugSymbols
0x0000000001498000 	/System/Library/PrivateFrameworks/CoreSymbolication.framework/Versions/A/CoreSymbolication
0x0000000001498000 	/System/Library/PrivateFrameworks/Symbolication.framework/Versions/A/Symbolication
0x0000000001498000 	/System/Library/PrivateFrameworks/SpeechRecognitionCore.framework/Versions/A/SpeechRecognitionCore
0x0000000105e00000 	/Library/Java/JavaVirtualMachines/jdk1.8.0_77.jdk/Contents/Home/jre/lib/server/libjvm.dylib
0x000000010549c000 	/usr/lib/libstdc++.6.dylib
0x0000000105553000 	/Library/Java/JavaVirtualMachines/jdk1.8.0_77.jdk/Contents/Home/jre/lib/libverify.dylib
0x0000000105561000 	/Library/Java/JavaVirtualMachines/jdk1.8.0_77.jdk/Contents/Home/jre/lib/libjava.dylib
0x0000000105597000 	/Library/Java/JavaVirtualMachines/jdk1.8.0_77.jdk/Contents/Home/jre/lib/libjdwp.dylib
0x00000001055e2000 	/Library/Java/JavaVirtualMachines/jdk1.8.0_77.jdk/Contents/Home/jre/lib/libnpt.dylib
0x00000001055ef000 	/Library/Java/JavaVirtualMachines/jdk1.8.0_77.jdk/Contents/Home/jre/lib/libzip.dylib
0x000000011a188000 	/System/Library/Frameworks/JavaVM.framework/Frameworks/JavaRuntimeSupport.framework/JavaRuntimeSupport
0x000000011a1a3000 	/System/Library/Frameworks/JavaVM.framework/Versions/A/Frameworks/JavaNativeFoundation.framework/Versions/A/JavaNativeFoundation
0x000000011a1b8000 	/System/Library/Frameworks/JavaVM.framework/Versions/A/JavaVM
0x0000000001498000 	/System/Library/Frameworks/Carbon.framework/Versions/A/Carbon
0x000000011a1c5000 	/System/Library/PrivateFrameworks/JavaLaunching.framework/Versions/A/JavaLaunching
0x0000000001498000 	/System/Library/Frameworks/Carbon.framework/Versions/A/Frameworks/CommonPanels.framework/Versions/A/CommonPanels
0x0000000001498000 	/System/Library/Frameworks/Carbon.framework/Versions/A/Frameworks/Help.framework/Versions/A/Help
0x0000000001498000 	/System/Library/Frameworks/Carbon.framework/Versions/A/Frameworks/ImageCapture.framework/Versions/A/ImageCapture
0x0000000001498000 	/System/Library/Frameworks/Carbon.framework/Versions/A/Frameworks/OpenScripting.framework/Versions/A/OpenScripting
0x0000000001498000 	/System/Library/Frameworks/Carbon.framework/Versions/A/Frameworks/Print.framework/Versions/A/Print
0x0000000001498000 	/System/Library/Frameworks/Carbon.framework/Versions/A/Frameworks/SecurityHI.framework/Versions/A/SecurityHI
0x000000011bae3000 	/Library/Java/JavaVirtualMachines/jdk1.8.0_77.jdk/Contents/Home/jre/lib/libdt_socket.dylib

VM Arguments:
jvm_args: -agentlib:jdwp=transport=dt_socket,suspend=y,address=localhost:51968 -Dfile.encoding=UTF-8 
java_command: Solution
java_class_path (initial): /Users/guybrushtreepwood/Documents/workspace/RoutesMinimunOperationalCostRecursive/bin
Launcher Type: SUN_STANDARD

Environment Variables:
PATH=/usr/bin:/bin:/usr/sbin:/sbin
SHELL=/bin/bash

Signal Handlers:
SIGSEGV: [libjvm.dylib+0x5a6855], sa_mask[0]=11111111011111110111111111111111, sa_flags=SA_ONSTACK|SA_RESTART|SA_SIGINFO
SIGBUS: [libjvm.dylib+0x5a6855], sa_mask[0]=11111111011111110111111111111111, sa_flags=SA_RESTART|SA_SIGINFO
SIGFPE: [libjvm.dylib+0x4804ec], sa_mask[0]=11111111011111110111111111111111, sa_flags=SA_RESTART|SA_SIGINFO
SIGPIPE: [libjvm.dylib+0x4804ec], sa_mask[0]=11111111011111110111111111111111, sa_flags=SA_RESTART|SA_SIGINFO
SIGXFSZ: [libjvm.dylib+0x4804ec], sa_mask[0]=11111111011111110111111111111111, sa_flags=SA_RESTART|SA_SIGINFO
SIGILL: [libjvm.dylib+0x4804ec], sa_mask[0]=11111111011111110111111111111111, sa_flags=SA_RESTART|SA_SIGINFO
SIGUSR1: SIG_DFL, sa_mask[0]=00000000000000000000000000000000, sa_flags=none
SIGUSR2: [libjvm.dylib+0x48000a], sa_mask[0]=00100000000000000000000000000000, sa_flags=SA_RESTART|SA_SIGINFO
SIGHUP: [libjvm.dylib+0x47e5e1], sa_mask[0]=11111111011111110111111111111111, sa_flags=SA_RESTART|SA_SIGINFO
SIGINT: [libjvm.dylib+0x47e5e1], sa_mask[0]=11111111011111110111111111111111, sa_flags=SA_RESTART|SA_SIGINFO
SIGTERM: [libjvm.dylib+0x47e5e1], sa_mask[0]=11111111011111110111111111111111, sa_flags=SA_RESTART|SA_SIGINFO
SIGQUIT: [libjvm.dylib+0x47e5e1], sa_mask[0]=11111111011111110111111111111111, sa_flags=SA_RESTART|SA_SIGINFO


---------------  S Y S T E M  ---------------

OS:Bsduname:Darwin 15.4.0 Darwin Kernel Version 15.4.0: Fri Feb 26 22:08:05 PST 2016; root:xnu-3248.40.184~3/RELEASE_X86_64 x86_64
rlimit: STACK 8192k, CORE 0k, NPROC 709, NOFILE 10240, AS infinity
load average:2.71 3.45 3.44

CPU:total 4 (2 cores per cpu, 2 threads per core) family 6 model 42 stepping 7, cmov, cx8, fxsr, mmx, sse, sse2, sse3, ssse3, sse4.1, sse4.2, popcnt, avx, aes, clmul, ht, tsc, tscinvbit

Memory: 4k page, physical 4194304k(15112k free)

/proc/meminfo:


vm_info: Java HotSpot(TM) 64-Bit Server VM (25.77-b03) for bsd-amd64 JRE (1.8.0_77-b03), built on Mar 20 2016 22:14:03 by "java_re" with gcc 4.2.1 (Based on Apple Inc. build 5658) (LLVM build 2336.11.00)

time: Fri May  6 17:33:35 2016
elapsed time: 195 seconds (0d 0h 3m 15s)

